[0.943s] DEBUG:colcon:Command line arguments: ['/usr/bin/colcon', 'build', '--packages-select', 'ball_vision_package']
[0.944s] DEBUG:colcon:Parsed command line arguments: Namespace(allow_overriding=[], ament_cmake_args=None, base_paths=['.'], build_base='build', catkin_cmake_args=None, catkin_skip_building_tests=False, cmake_args=None, cmake_clean_cache=False, cmake_clean_first=False, cmake_force_configure=False, cmake_target=None, cmake_target_skip_unavailable=False, continue_on_error=False, event_handlers=None, executor='parallel', ignore_user_meta=False, install_base='install', log_base=None, log_level=None, main=<bound method BuildVerb.main of <colcon_core.verb.build.BuildVerb object at 0x7f7d92a190>>, merge_install=False, metas=['./colcon.meta'], mixin=None, mixin_files=None, mixin_verb=('build',), packages_above=None, packages_above_and_dependencies=None, packages_above_depth=None, packages_end=None, packages_ignore=None, packages_ignore_regex=None, packages_select=['ball_vision_package'], packages_select_build_failed=False, packages_select_by_dep=None, packages_select_regex=None, packages_select_test_failures=False, packages_skip=None, packages_skip_build_finished=False, packages_skip_by_dep=None, packages_skip_regex=None, packages_skip_test_passed=False, packages_skip_up_to=None, packages_start=None, packages_up_to=None, packages_up_to_regex=None, parallel_workers=4, paths=None, symlink_install=False, test_result_base=None, verb_extension=<colcon_core.verb.build.BuildVerb object at 0x7f7d92a190>, verb_name='build', verb_parser=<colcon_mixin.mixin.mixin_argument.MixinArgumentDecorator object at 0x7f7d92a7f0>)
[0.976s] Level 1:colcon.colcon_core.package_discovery:discover_packages(colcon_meta) check parameters
[0.980s] INFO:colcon.colcon_metadata.package_discovery.colcon_meta:Using configuration from '/root/.colcon/metadata/default/Gazebo.meta'
[0.983s] INFO:colcon.colcon_metadata.package_discovery.colcon_meta:Using configuration from '/root/.colcon/metadata/default/fastrtps.meta'
[0.983s] Level 1:colcon.colcon_core.package_discovery:discover_packages(recursive) check parameters
[0.983s] Level 1:colcon.colcon_core.package_discovery:discover_packages(ignore) check parameters
[0.983s] Level 1:colcon.colcon_core.package_discovery:discover_packages(path) check parameters
[0.984s] Level 1:colcon.colcon_core.package_discovery:discover_packages(colcon_meta) discover
[0.984s] Level 1:colcon.colcon_core.package_discovery:discover_packages(recursive) discover
[0.984s] INFO:colcon.colcon_core.package_discovery:Crawling recursively for packages in '/home/projects/ros2_ws/src/ball_vision_package'
[0.984s] Level 1:colcon.colcon_core.package_identification:_identify(.) by extensions ['ignore', 'ignore_ament_install']
[0.985s] Level 1:colcon.colcon_core.package_identification:_identify(.) by extension 'ignore'
[0.985s] Level 1:colcon.colcon_core.package_identification:_identify(.) by extension 'ignore_ament_install'
[0.985s] Level 1:colcon.colcon_core.package_identification:_identify(.) by extensions ['colcon_pkg']
[0.985s] Level 1:colcon.colcon_core.package_identification:_identify(.) by extension 'colcon_pkg'
[0.986s] Level 1:colcon.colcon_core.package_identification:_identify(.) by extensions ['colcon_meta']
[0.986s] Level 1:colcon.colcon_core.package_identification:_identify(.) by extension 'colcon_meta'
[0.986s] Level 1:colcon.colcon_core.package_identification:_identify(.) by extensions ['ros']
[0.986s] Level 1:colcon.colcon_core.package_identification:_identify(.) by extension 'ros'
[1.060s] DEBUG:colcon.colcon_core.package_identification:Package '.' with type 'ros.ament_python' and name 'ball_vision_package'
[1.060s] Level 1:colcon.colcon_core.package_discovery:discover_packages(recursive) using defaults
[1.060s] Level 1:colcon.colcon_core.package_discovery:discover_packages(ignore) discover
[1.061s] Level 1:colcon.colcon_core.package_discovery:discover_packages(ignore) using defaults
[1.061s] Level 1:colcon.colcon_core.package_discovery:discover_packages(path) discover
[1.061s] Level 1:colcon.colcon_core.package_discovery:discover_packages(path) using defaults
[1.162s] Level 5:colcon.colcon_core.verb:set package 'ball_vision_package' build argument 'cmake_args' from command line to 'None'
[1.163s] Level 5:colcon.colcon_core.verb:set package 'ball_vision_package' build argument 'cmake_target' from command line to 'None'
[1.163s] Level 5:colcon.colcon_core.verb:set package 'ball_vision_package' build argument 'cmake_target_skip_unavailable' from command line to 'False'
[1.163s] Level 5:colcon.colcon_core.verb:set package 'ball_vision_package' build argument 'cmake_clean_cache' from command line to 'False'
[1.163s] Level 5:colcon.colcon_core.verb:set package 'ball_vision_package' build argument 'cmake_clean_first' from command line to 'False'
[1.163s] Level 5:colcon.colcon_core.verb:set package 'ball_vision_package' build argument 'cmake_force_configure' from command line to 'False'
[1.163s] Level 5:colcon.colcon_core.verb:set package 'ball_vision_package' build argument 'ament_cmake_args' from command line to 'None'
[1.164s] Level 5:colcon.colcon_core.verb:set package 'ball_vision_package' build argument 'catkin_cmake_args' from command line to 'None'
[1.164s] Level 5:colcon.colcon_core.verb:set package 'ball_vision_package' build argument 'catkin_skip_building_tests' from command line to 'False'
[1.164s] DEBUG:colcon.colcon_core.verb:Building package 'ball_vision_package' with the following arguments: {'ament_cmake_args': None, 'build_base': '/home/projects/ros2_ws/src/ball_vision_package/build/ball_vision_package', 'catkin_cmake_args': None, 'catkin_skip_building_tests': False, 'cmake_args': None, 'cmake_clean_cache': False, 'cmake_clean_first': False, 'cmake_force_configure': False, 'cmake_target': None, 'cmake_target_skip_unavailable': False, 'install_base': '/home/projects/ros2_ws/src/ball_vision_package/install/ball_vision_package', 'merge_install': False, 'path': '/home/projects/ros2_ws/src/ball_vision_package', 'symlink_install': False, 'test_result_base': None}
[1.206s] WARNING:colcon.colcon_core.verb:Some selected packages are already built in one or more underlay workspaces:
	'ball_vision_package' is in: /home/projects/ros2_ws/install/ball_vision_package
If a package in a merged underlay workspace is overridden and it installs headers, then all packages in the overlay must sort their include directories by workspace order. Failure to do so may result in build failures or undefined behavior at run time.
If the overridden package is used by another package in any underlay, then the overriding package in the overlay must be API and ABI compatible or undefined behavior at run time may occur.

If you understand the risks and want to override a package anyways, add the following to the command line:
	--allow-overriding ball_vision_package

This may be promoted to an error in a future release of colcon-core.
[1.208s] INFO:colcon.colcon_core.executor:Executing jobs using 'parallel' executor
[1.216s] DEBUG:colcon.colcon_parallel_executor.executor.parallel:run_until_complete
[1.217s] INFO:colcon.colcon_ros.task.ament_python.build:Building ROS package in '/home/projects/ros2_ws/src/ball_vision_package' with build type 'ament_python'
[1.218s] Level 1:colcon.colcon_core.shell:create_environment_hook('ball_vision_package', 'ament_prefix_path')
[1.241s] INFO:colcon.colcon_core.plugin_system:Skipping extension 'colcon_core.shell.bat': Not used on non-Windows systems
[1.242s] INFO:colcon.colcon_core.shell:Creating environment hook '/home/projects/ros2_ws/src/ball_vision_package/install/ball_vision_package/share/ball_vision_package/hook/ament_prefix_path.ps1'
[1.246s] INFO:colcon.colcon_core.shell:Creating environment descriptor '/home/projects/ros2_ws/src/ball_vision_package/install/ball_vision_package/share/ball_vision_package/hook/ament_prefix_path.dsv'
[1.248s] INFO:colcon.colcon_core.shell:Creating environment hook '/home/projects/ros2_ws/src/ball_vision_package/install/ball_vision_package/share/ball_vision_package/hook/ament_prefix_path.sh'
[1.253s] INFO:colcon.colcon_core.shell:Skip shell extension 'powershell' for command environment: Not usable outside of PowerShell
[1.253s] DEBUG:colcon.colcon_core.shell:Skip shell extension 'dsv' for command environment
[2.453s] INFO:colcon.colcon_core.task.python.build:Building Python package in '/home/projects/ros2_ws/src/ball_vision_package'
[2.456s] INFO:colcon.colcon_core.shell:Skip shell extension 'powershell' for command environment: Not usable outside of PowerShell
[2.456s] DEBUG:colcon.colcon_core.shell:Skip shell extension 'dsv' for command environment
[4.647s] DEBUG:colcon.colcon_core.event_handler.log_command:Invoking command in '/home/projects/ros2_ws/src/ball_vision_package': PYTHONPATH=/home/projects/ros2_ws/src/ball_vision_package/install/ball_vision_package/lib/python3.8/site-packages:${PYTHONPATH} /usr/bin/python3 setup.py egg_info --egg-base build/ball_vision_package build --build-base /home/projects/ros2_ws/src/ball_vision_package/build/ball_vision_package/build install --prefix /home/projects/ros2_ws/src/ball_vision_package/install/ball_vision_package --record /home/projects/ros2_ws/src/ball_vision_package/build/ball_vision_package/install.log --single-version-externally-managed
[6.137s] DEBUG:colcon.colcon_core.event_handler.log_command:Invoked command in '/home/projects/ros2_ws/src/ball_vision_package' returned '0': PYTHONPATH=/home/projects/ros2_ws/src/ball_vision_package/install/ball_vision_package/lib/python3.8/site-packages:${PYTHONPATH} /usr/bin/python3 setup.py egg_info --egg-base build/ball_vision_package build --build-base /home/projects/ros2_ws/src/ball_vision_package/build/ball_vision_package/build install --prefix /home/projects/ros2_ws/src/ball_vision_package/install/ball_vision_package --record /home/projects/ros2_ws/src/ball_vision_package/build/ball_vision_package/install.log --single-version-externally-managed
[6.165s] Level 1:colcon.colcon_core.environment:checking '/home/projects/ros2_ws/src/ball_vision_package/install/ball_vision_package' for CMake module files
[6.167s] Level 1:colcon.colcon_core.environment:checking '/home/projects/ros2_ws/src/ball_vision_package/install/ball_vision_package' for CMake config files
[6.170s] Level 1:colcon.colcon_core.environment:checking '/home/projects/ros2_ws/src/ball_vision_package/install/ball_vision_package/lib'
[6.171s] Level 1:colcon.colcon_core.environment:checking '/home/projects/ros2_ws/src/ball_vision_package/install/ball_vision_package/bin'
[6.171s] Level 1:colcon.colcon_core.environment:checking '/home/projects/ros2_ws/src/ball_vision_package/install/ball_vision_package/lib/pkgconfig/ball_vision_package.pc'
[6.171s] Level 1:colcon.colcon_core.environment:checking '/home/projects/ros2_ws/src/ball_vision_package/install/ball_vision_package/lib/python3.8/site-packages'
[6.171s] Level 1:colcon.colcon_core.shell:create_environment_hook('ball_vision_package', 'pythonpath')
[6.174s] INFO:colcon.colcon_core.shell:Creating environment hook '/home/projects/ros2_ws/src/ball_vision_package/install/ball_vision_package/share/ball_vision_package/hook/pythonpath.ps1'
[6.175s] INFO:colcon.colcon_core.shell:Creating environment descriptor '/home/projects/ros2_ws/src/ball_vision_package/install/ball_vision_package/share/ball_vision_package/hook/pythonpath.dsv'
[6.176s] INFO:colcon.colcon_core.shell:Creating environment hook '/home/projects/ros2_ws/src/ball_vision_package/install/ball_vision_package/share/ball_vision_package/hook/pythonpath.sh'
[6.178s] Level 1:colcon.colcon_core.environment:create_environment_scripts_only(ball_vision_package)
[6.180s] INFO:colcon.colcon_core.shell:Creating package script '/home/projects/ros2_ws/src/ball_vision_package/install/ball_vision_package/share/ball_vision_package/package.ps1'
[6.184s] INFO:colcon.colcon_core.shell:Creating package descriptor '/home/projects/ros2_ws/src/ball_vision_package/install/ball_vision_package/share/ball_vision_package/package.dsv'
[6.187s] INFO:colcon.colcon_core.shell:Creating package script '/home/projects/ros2_ws/src/ball_vision_package/install/ball_vision_package/share/ball_vision_package/package.sh'
[6.190s] INFO:colcon.colcon_core.shell:Creating package script '/home/projects/ros2_ws/src/ball_vision_package/install/ball_vision_package/share/ball_vision_package/package.bash'
[6.193s] INFO:colcon.colcon_core.shell:Creating package script '/home/projects/ros2_ws/src/ball_vision_package/install/ball_vision_package/share/ball_vision_package/package.zsh'
[6.196s] Level 1:colcon.colcon_core.environment:create_file_with_runtime_dependencies(/home/projects/ros2_ws/src/ball_vision_package/install/ball_vision_package/share/colcon-core/packages/ball_vision_package)
[6.198s] DEBUG:colcon.colcon_parallel_executor.executor.parallel:closing loop
[6.199s] DEBUG:colcon.colcon_parallel_executor.executor.parallel:loop closed
[6.199s] DEBUG:colcon.colcon_parallel_executor.executor.parallel:run_until_complete finished with '0'
[6.200s] DEBUG:colcon.colcon_core.event_reactor:joining thread
[6.280s] INFO:colcon.colcon_core.plugin_system:Skipping extension 'colcon_notification.desktop_notification.notify_send': Could not find 'notify-send'
[6.281s] INFO:colcon.colcon_core.plugin_system:Skipping extension 'colcon_notification.desktop_notification.terminal_notifier': Not used on non-Darwin systems
[6.281s] INFO:colcon.colcon_core.plugin_system:Skipping extension 'colcon_notification.desktop_notification.win32': Not used on non-Windows systems
[6.281s] INFO:colcon.colcon_notification.desktop_notification:Sending desktop notification using 'notify2'
[6.625s] DEBUG:colcon.colcon_notification.desktop_notification.notify2:Failed to initialize notify2: org.freedesktop.DBus.Error.ServiceUnknown: The name org.freedesktop.Notifications was not provided by any .service files
[6.625s] DEBUG:colcon.colcon_core.event_reactor:joined thread
[6.629s] INFO:colcon.colcon_core.shell:Creating prefix script '/home/projects/ros2_ws/src/ball_vision_package/install/local_setup.ps1'
[6.635s] INFO:colcon.colcon_core.shell:Creating prefix util module '/home/projects/ros2_ws/src/ball_vision_package/install/_local_setup_util_ps1.py'
[6.641s] INFO:colcon.colcon_core.shell:Creating prefix chain script '/home/projects/ros2_ws/src/ball_vision_package/install/setup.ps1'
[6.651s] INFO:colcon.colcon_core.shell:Creating prefix script '/home/projects/ros2_ws/src/ball_vision_package/install/local_setup.sh'
[6.654s] INFO:colcon.colcon_core.shell:Creating prefix util module '/home/projects/ros2_ws/src/ball_vision_package/install/_local_setup_util_sh.py'
[6.655s] INFO:colcon.colcon_core.shell:Creating prefix chain script '/home/projects/ros2_ws/src/ball_vision_package/install/setup.sh'
[6.665s] INFO:colcon.colcon_core.shell:Creating prefix script '/home/projects/ros2_ws/src/ball_vision_package/install/local_setup.bash'
[6.668s] INFO:colcon.colcon_core.shell:Creating prefix chain script '/home/projects/ros2_ws/src/ball_vision_package/install/setup.bash'
[6.678s] INFO:colcon.colcon_core.shell:Creating prefix script '/home/projects/ros2_ws/src/ball_vision_package/install/local_setup.zsh'
[6.680s] INFO:colcon.colcon_core.shell:Creating prefix chain script '/home/projects/ros2_ws/src/ball_vision_package/install/setup.zsh'
