running egg_info
writing build/ball_vision_package/ball_vision_package.egg-info/PKG-INFO
writing dependency_links to build/ball_vision_package/ball_vision_package.egg-info/dependency_links.txt
writing entry points to build/ball_vision_package/ball_vision_package.egg-info/entry_points.txt
writing requirements to build/ball_vision_package/ball_vision_package.egg-info/requires.txt
writing top-level names to build/ball_vision_package/ball_vision_package.egg-info/top_level.txt
reading manifest file 'build/ball_vision_package/ball_vision_package.egg-info/SOURCES.txt'
writing manifest file 'build/ball_vision_package/ball_vision_package.egg-info/SOURCES.txt'
running build
running build_py
copying ball_vision_package/yolo_testies.py -> /home/projects/ros2_ws/src/ball_vision_package/build/ball_vision_package/build/lib/ball_vision_package
copying ball_vision_package/yolo_node3.py -> /home/projects/ros2_ws/src/ball_vision_package/build/ball_vision_package/build/lib/ball_vision_package
copying ball_vision_package/ball_tracker_node.py -> /home/projects/ros2_ws/src/ball_vision_package/build/ball_vision_package/build/lib/ball_vision_package
copying ball_vision_package/yolo_node.py -> /home/projects/ros2_ws/src/ball_vision_package/build/ball_vision_package/build/lib/ball_vision_package
running install
running install_lib
copying /home/projects/ros2_ws/src/ball_vision_package/build/ball_vision_package/build/lib/ball_vision_package/yolo_testies.py -> /home/projects/ros2_ws/src/ball_vision_package/install/ball_vision_package/lib/python3.8/site-packages/ball_vision_package
copying /home/projects/ros2_ws/src/ball_vision_package/build/ball_vision_package/build/lib/ball_vision_package/yolo_node3.py -> /home/projects/ros2_ws/src/ball_vision_package/install/ball_vision_package/lib/python3.8/site-packages/ball_vision_package
copying /home/projects/ros2_ws/src/ball_vision_package/build/ball_vision_package/build/lib/ball_vision_package/ball_tracker_node.py -> /home/projects/ros2_ws/src/ball_vision_package/install/ball_vision_package/lib/python3.8/site-packages/ball_vision_package
copying /home/projects/ros2_ws/src/ball_vision_package/build/ball_vision_package/build/lib/ball_vision_package/yolo_node.py -> /home/projects/ros2_ws/src/ball_vision_package/install/ball_vision_package/lib/python3.8/site-packages/ball_vision_package
byte-compiling /home/projects/ros2_ws/src/ball_vision_package/install/ball_vision_package/lib/python3.8/site-packages/ball_vision_package/yolo_testies.py to yolo_testies.cpython-38.pyc
byte-compiling /home/projects/ros2_ws/src/ball_vision_package/install/ball_vision_package/lib/python3.8/site-packages/ball_vision_package/yolo_node3.py to yolo_node3.cpython-38.pyc
byte-compiling /home/projects/ros2_ws/src/ball_vision_package/install/ball_vision_package/lib/python3.8/site-packages/ball_vision_package/ball_tracker_node.py to ball_tracker_node.cpython-38.pyc
byte-compiling /home/projects/ros2_ws/src/ball_vision_package/install/ball_vision_package/lib/python3.8/site-packages/ball_vision_package/yolo_node.py to yolo_node.cpython-38.pyc
running install_data
copying launch/ball_tracking.launch.py -> /home/projects/ros2_ws/src/ball_vision_package/install/ball_vision_package/share/ball_vision_package/launch
running install_egg_info
removing '/home/projects/ros2_ws/src/ball_vision_package/install/ball_vision_package/lib/python3.8/site-packages/ball_vision_package-0.0.1-py3.8.egg-info' (and everything under it)
Copying build/ball_vision_package/ball_vision_package.egg-info to /home/projects/ros2_ws/src/ball_vision_package/install/ball_vision_package/lib/python3.8/site-packages/ball_vision_package-0.0.1-py3.8.egg-info
running install_scripts
Installing ball_tracker script to /home/projects/ros2_ws/src/ball_vision_package/install/ball_vision_package/lib/ball_vision_package
Installing yolo_tracker script to /home/projects/ros2_ws/src/ball_vision_package/install/ball_vision_package/lib/ball_vision_package
writing list of installed files to '/home/projects/ros2_ws/src/ball_vision_package/build/ball_vision_package/install.log'
