[3.228s] Invoking command in '/home/projects/ros2_ws/src/ball_vision_package': PYTHONPATH=/home/projects/ros2_ws/src/ball_vision_package/install/ball_vision_package/lib/python3.8/site-packages:${PYTHONPATH} /usr/bin/python3 setup.py egg_info --egg-base build/ball_vision_package build --build-base /home/projects/ros2_ws/src/ball_vision_package/build/ball_vision_package/build install --prefix /home/projects/ros2_ws/src/ball_vision_package/install/ball_vision_package --record /home/projects/ros2_ws/src/ball_vision_package/build/ball_vision_package/install.log --single-version-externally-managed
[4.323s] running egg_info
[4.327s] writing build/ball_vision_package/ball_vision_package.egg-info/PKG-INFO
[4.328s] writing dependency_links to build/ball_vision_package/ball_vision_package.egg-info/dependency_links.txt
[4.329s] writing entry points to build/ball_vision_package/ball_vision_package.egg-info/entry_points.txt
[4.330s] writing requirements to build/ball_vision_package/ball_vision_package.egg-info/requires.txt
[4.330s] writing top-level names to build/ball_vision_package/ball_vision_package.egg-info/top_level.txt
[4.486s] reading manifest file 'build/ball_vision_package/ball_vision_package.egg-info/SOURCES.txt'
[4.492s] writing manifest file 'build/ball_vision_package/ball_vision_package.egg-info/SOURCES.txt'
[4.492s] running build
[4.493s] running build_py
[4.494s] copying ball_vision_package/yolo_testies.py -> /home/projects/ros2_ws/src/ball_vision_package/build/ball_vision_package/build/lib/ball_vision_package
[4.495s] copying ball_vision_package/yolo_node3.py -> /home/projects/ros2_ws/src/ball_vision_package/build/ball_vision_package/build/lib/ball_vision_package
[4.495s] copying ball_vision_package/ball_tracker_node.py -> /home/projects/ros2_ws/src/ball_vision_package/build/ball_vision_package/build/lib/ball_vision_package
[4.496s] copying ball_vision_package/yolo_node.py -> /home/projects/ros2_ws/src/ball_vision_package/build/ball_vision_package/build/lib/ball_vision_package
[4.497s] running install
[4.500s] running install_lib
[4.505s] copying /home/projects/ros2_ws/src/ball_vision_package/build/ball_vision_package/build/lib/ball_vision_package/yolo_testies.py -> /home/projects/ros2_ws/src/ball_vision_package/install/ball_vision_package/lib/python3.8/site-packages/ball_vision_package
[4.506s] copying /home/projects/ros2_ws/src/ball_vision_package/build/ball_vision_package/build/lib/ball_vision_package/yolo_node3.py -> /home/projects/ros2_ws/src/ball_vision_package/install/ball_vision_package/lib/python3.8/site-packages/ball_vision_package
[4.506s] copying /home/projects/ros2_ws/src/ball_vision_package/build/ball_vision_package/build/lib/ball_vision_package/ball_tracker_node.py -> /home/projects/ros2_ws/src/ball_vision_package/install/ball_vision_package/lib/python3.8/site-packages/ball_vision_package
[4.507s] copying /home/projects/ros2_ws/src/ball_vision_package/build/ball_vision_package/build/lib/ball_vision_package/yolo_node.py -> /home/projects/ros2_ws/src/ball_vision_package/install/ball_vision_package/lib/python3.8/site-packages/ball_vision_package
[4.510s] byte-compiling /home/projects/ros2_ws/src/ball_vision_package/install/ball_vision_package/lib/python3.8/site-packages/ball_vision_package/yolo_testies.py to yolo_testies.cpython-38.pyc
[4.520s] byte-compiling /home/projects/ros2_ws/src/ball_vision_package/install/ball_vision_package/lib/python3.8/site-packages/ball_vision_package/yolo_node3.py to yolo_node3.cpython-38.pyc
[4.525s] byte-compiling /home/projects/ros2_ws/src/ball_vision_package/install/ball_vision_package/lib/python3.8/site-packages/ball_vision_package/ball_tracker_node.py to ball_tracker_node.cpython-38.pyc
[4.531s] byte-compiling /home/projects/ros2_ws/src/ball_vision_package/install/ball_vision_package/lib/python3.8/site-packages/ball_vision_package/yolo_node.py to yolo_node.cpython-38.pyc
[4.536s] running install_data
[4.540s] copying launch/ball_tracking.launch.py -> /home/projects/ros2_ws/src/ball_vision_package/install/ball_vision_package/share/ball_vision_package/launch
[4.541s] running install_egg_info
[4.549s] removing '/home/projects/ros2_ws/src/ball_vision_package/install/ball_vision_package/lib/python3.8/site-packages/ball_vision_package-0.0.1-py3.8.egg-info' (and everything under it)
[4.550s] Copying build/ball_vision_package/ball_vision_package.egg-info to /home/projects/ros2_ws/src/ball_vision_package/install/ball_vision_package/lib/python3.8/site-packages/ball_vision_package-0.0.1-py3.8.egg-info
[4.554s] running install_scripts
[4.622s] Installing ball_tracker script to /home/projects/ros2_ws/src/ball_vision_package/install/ball_vision_package/lib/ball_vision_package
[4.625s] Installing yolo_tracker script to /home/projects/ros2_ws/src/ball_vision_package/install/ball_vision_package/lib/ball_vision_package
[4.626s] writing list of installed files to '/home/projects/ros2_ws/src/ball_vision_package/build/ball_vision_package/install.log'
[4.723s] Invoked command in '/home/projects/ros2_ws/src/ball_vision_package' returned '0': PYTHONPATH=/home/projects/ros2_ws/src/ball_vision_package/install/ball_vision_package/lib/python3.8/site-packages:${PYTHONPATH} /usr/bin/python3 setup.py egg_info --egg-base build/ball_vision_package build --build-base /home/projects/ros2_ws/src/ball_vision_package/build/ball_vision_package/build install --prefix /home/projects/ros2_ws/src/ball_vision_package/install/ball_vision_package --record /home/projects/ros2_ws/src/ball_vision_package/build/ball_vision_package/install.log --single-version-externally-managed
