/home/projects/ros2_ws/src/ball_vision_package/install/ball_vision_package/lib/python3.8/site-packages/ball_vision_package/__init__.py
/home/projects/ros2_ws/src/ball_vision_package/install/ball_vision_package/lib/python3.8/site-packages/ball_vision_package/yolo_testies.py
/home/projects/ros2_ws/src/ball_vision_package/install/ball_vision_package/lib/python3.8/site-packages/ball_vision_package/yolo_node3.py
/home/projects/ros2_ws/src/ball_vision_package/install/ball_vision_package/lib/python3.8/site-packages/ball_vision_package/ball_tracker_node.py
/home/projects/ros2_ws/src/ball_vision_package/install/ball_vision_package/lib/python3.8/site-packages/ball_vision_package/yolo_node.py
/home/projects/ros2_ws/src/ball_vision_package/install/ball_vision_package/lib/python3.8/site-packages/ball_vision_package/__pycache__/__init__.cpython-38.pyc
/home/projects/ros2_ws/src/ball_vision_package/install/ball_vision_package/lib/python3.8/site-packages/ball_vision_package/__pycache__/yolo_testies.cpython-38.pyc
/home/projects/ros2_ws/src/ball_vision_package/install/ball_vision_package/lib/python3.8/site-packages/ball_vision_package/__pycache__/yolo_node3.cpython-38.pyc
/home/projects/ros2_ws/src/ball_vision_package/install/ball_vision_package/lib/python3.8/site-packages/ball_vision_package/__pycache__/ball_tracker_node.cpython-38.pyc
/home/projects/ros2_ws/src/ball_vision_package/install/ball_vision_package/lib/python3.8/site-packages/ball_vision_package/__pycache__/yolo_node.cpython-38.pyc
/home/projects/ros2_ws/src/ball_vision_package/install/ball_vision_package/share/ament_index/resource_index/packages/ball_vision_package
/home/projects/ros2_ws/src/ball_vision_package/install/ball_vision_package/share/ball_vision_package/package.xml
/home/projects/ros2_ws/src/ball_vision_package/install/ball_vision_package/share/ball_vision_package/launch/ball_tracking.launch.py
/home/projects/ros2_ws/src/ball_vision_package/install/ball_vision_package/lib/python3.8/site-packages/ball_vision_package-0.0.1-py3.8.egg-info/PKG-INFO
/home/projects/ros2_ws/src/ball_vision_package/install/ball_vision_package/lib/python3.8/site-packages/ball_vision_package-0.0.1-py3.8.egg-info/top_level.txt
/home/projects/ros2_ws/src/ball_vision_package/install/ball_vision_package/lib/python3.8/site-packages/ball_vision_package-0.0.1-py3.8.egg-info/SOURCES.txt
/home/projects/ros2_ws/src/ball_vision_package/install/ball_vision_package/lib/python3.8/site-packages/ball_vision_package-0.0.1-py3.8.egg-info/zip-safe
/home/projects/ros2_ws/src/ball_vision_package/install/ball_vision_package/lib/python3.8/site-packages/ball_vision_package-0.0.1-py3.8.egg-info/requires.txt
/home/projects/ros2_ws/src/ball_vision_package/install/ball_vision_package/lib/python3.8/site-packages/ball_vision_package-0.0.1-py3.8.egg-info/entry_points.txt
/home/projects/ros2_ws/src/ball_vision_package/install/ball_vision_package/lib/python3.8/site-packages/ball_vision_package-0.0.1-py3.8.egg-info/dependency_links.txt
/home/projects/ros2_ws/src/ball_vision_package/install/ball_vision_package/lib/ball_vision_package/ball_tracker
/home/projects/ros2_ws/src/ball_vision_package/install/ball_vision_package/lib/ball_vision_package/yolo_tracker
