[3.198s] Invoking command in '/home/projects/ros2_ws/src/ball_vision_package': PYTHONPATH=/home/projects/ros2_ws/src/ball_vision_package/install/ball_vision_package/lib/python3.8/site-packages:${PYTHONPATH} /usr/bin/python3 setup.py egg_info --egg-base build/ball_vision_package build --build-base /home/projects/ros2_ws/src/ball_vision_package/build/ball_vision_package/build install --prefix /home/projects/ros2_ws/src/ball_vision_package/install/ball_vision_package --record /home/projects/ros2_ws/src/ball_vision_package/build/ball_vision_package/install.log --single-version-externally-managed
[4.300s] running egg_info
[4.302s] creating build/ball_vision_package/ball_vision_package.egg-info
[4.303s] writing build/ball_vision_package/ball_vision_package.egg-info/PKG-INFO
[4.304s] writing dependency_links to build/ball_vision_package/ball_vision_package.egg-info/dependency_links.txt
[4.305s] writing entry points to build/ball_vision_package/ball_vision_package.egg-info/entry_points.txt
[4.305s] writing requirements to build/ball_vision_package/ball_vision_package.egg-info/requires.txt
[4.305s] writing top-level names to build/ball_vision_package/ball_vision_package.egg-info/top_level.txt
[4.311s] writing manifest file 'build/ball_vision_package/ball_vision_package.egg-info/SOURCES.txt'
[4.464s] reading manifest file 'build/ball_vision_package/ball_vision_package.egg-info/SOURCES.txt'
[4.467s] writing manifest file 'build/ball_vision_package/ball_vision_package.egg-info/SOURCES.txt'
[4.469s] running build
[4.469s] running build_py
[4.470s] creating /home/projects/ros2_ws/src/ball_vision_package/build/ball_vision_package/build
[4.470s] creating /home/projects/ros2_ws/src/ball_vision_package/build/ball_vision_package/build/lib
[4.470s] creating /home/projects/ros2_ws/src/ball_vision_package/build/ball_vision_package/build/lib/ball_vision_package
[4.471s] copying ball_vision_package/__init__.py -> /home/projects/ros2_ws/src/ball_vision_package/build/ball_vision_package/build/lib/ball_vision_package
[4.471s] copying ball_vision_package/ball_tracker_node.py -> /home/projects/ros2_ws/src/ball_vision_package/build/ball_vision_package/build/lib/ball_vision_package
[4.471s] running install
[4.474s] running install_lib
[4.478s] creating /home/projects/ros2_ws/src/ball_vision_package/install/ball_vision_package/lib/python3.8/site-packages/ball_vision_package
[4.478s] copying /home/projects/ros2_ws/src/ball_vision_package/build/ball_vision_package/build/lib/ball_vision_package/__init__.py -> /home/projects/ros2_ws/src/ball_vision_package/install/ball_vision_package/lib/python3.8/site-packages/ball_vision_package
[4.478s] copying /home/projects/ros2_ws/src/ball_vision_package/build/ball_vision_package/build/lib/ball_vision_package/ball_tracker_node.py -> /home/projects/ros2_ws/src/ball_vision_package/install/ball_vision_package/lib/python3.8/site-packages/ball_vision_package
[4.481s] byte-compiling /home/projects/ros2_ws/src/ball_vision_package/install/ball_vision_package/lib/python3.8/site-packages/ball_vision_package/__init__.py to __init__.cpython-38.pyc
[4.486s] byte-compiling /home/projects/ros2_ws/src/ball_vision_package/install/ball_vision_package/lib/python3.8/site-packages/ball_vision_package/ball_tracker_node.py to ball_tracker_node.cpython-38.pyc
[4.493s] running install_data
[4.495s] creating /home/projects/ros2_ws/src/ball_vision_package/install/ball_vision_package/share/ament_index
[4.496s] creating /home/projects/ros2_ws/src/ball_vision_package/install/ball_vision_package/share/ament_index/resource_index
[4.496s] creating /home/projects/ros2_ws/src/ball_vision_package/install/ball_vision_package/share/ament_index/resource_index/packages
[4.497s] copying resource/ball_vision_package -> /home/projects/ros2_ws/src/ball_vision_package/install/ball_vision_package/share/ament_index/resource_index/packages
[4.497s] copying package.xml -> /home/projects/ros2_ws/src/ball_vision_package/install/ball_vision_package/share/ball_vision_package
[4.497s] creating /home/projects/ros2_ws/src/ball_vision_package/install/ball_vision_package/share/ball_vision_package/launch
[4.498s] copying launch/ball_tracking.launch.py -> /home/projects/ros2_ws/src/ball_vision_package/install/ball_vision_package/share/ball_vision_package/launch
[4.498s] running install_egg_info
[4.506s] Copying build/ball_vision_package/ball_vision_package.egg-info to /home/projects/ros2_ws/src/ball_vision_package/install/ball_vision_package/lib/python3.8/site-packages/ball_vision_package-0.0.1-py3.8.egg-info
[4.509s] running install_scripts
[4.578s] Installing ball_tracker script to /home/projects/ros2_ws/src/ball_vision_package/install/ball_vision_package/lib/ball_vision_package
[4.579s] writing list of installed files to '/home/projects/ros2_ws/src/ball_vision_package/build/ball_vision_package/install.log'
[4.675s] Invoked command in '/home/projects/ros2_ws/src/ball_vision_package' returned '0': PYTHONPATH=/home/projects/ros2_ws/src/ball_vision_package/install/ball_vision_package/lib/python3.8/site-packages:${PYTHONPATH} /usr/bin/python3 setup.py egg_info --egg-base build/ball_vision_package build --build-base /home/projects/ros2_ws/src/ball_vision_package/build/ball_vision_package/build install --prefix /home/projects/ros2_ws/src/ball_vision_package/install/ball_vision_package --record /home/projects/ros2_ws/src/ball_vision_package/build/ball_vision_package/install.log --single-version-externally-managed
